# JRE version: OpenJDK Runtime Environment (8.0_152-b02) (build 1.8.0_152-release-1024-b02)
# Java VM: OpenJDK 64-Bit Server VM (25.152-b02 mixed mode windows-amd64 compressed oops)
Heap:
 PSYoungGen      total 155136K, used 20544K [0x00000000d5900000, 0x00000000e1f00000, 0x0000000100000000)
  eden space 133120K, 0% used [0x00000000d5900000,0x00000000d5900000,0x00000000ddb00000)
  from space 22016K, 93% used [0x00000000e0980000,0x00000000e1d900a8,0x00000000e1f00000)
  to   space 5120K, 0% used [0x00000000ddb00000,0x00000000ddb00000,0x00000000de000000)
 ParOldGen       total 63488K, used 27269K [0x0000000080a00000, 0x0000000084800000, 0x00000000d5900000)
  object space 63488K, 42% used [0x0000000080a00000,0x00000000824a1620,0x0000000084800000)
 Metaspace       used 42210K, capacity 42927K, committed 43096K, reserved 1091584K
  class space    used 5228K, capacity 5403K, committed 5504K, reserved 1048576K
GC Heap History (10 events):
Event: 1.232 GC heap after
Heap after GC invocations=4 (full 1):
 PSYoungGen      total 71680K, used 0K [0x00000000d5900000, 0x00000000de500000, 0x0000000100000000)
  eden space 66560K, 0% used [0x00000000d5900000,0x00000000d5900000,0x00000000d9a00000)
  from space 5120K, 0% used [0x00000000d9a00000,0x00000000d9a00000,0x00000000d9f00000)
  to   space 5120K, 0% used [0x00000000de000000,0x00000000de000000,0x00000000de500000)
 ParOldGen       total 63488K, used 9837K [0x0000000080a00000, 0x0000000084800000, 0x00000000d5900000)
  object space 63488K, 15% used [0x0000000080a00000,0x000000008139b510,0x0000000084800000)
 Metaspace       used 20833K, capacity 21174K, committed 21248K, reserved 1067008K
  class space    used 2663K, capacity 2801K, committed 2816K, reserved 1048576K
}
Event: 2.106 GC heap before
{Heap before GC invocations=5 (full 1):
 PSYoungGen      total 71680K, used 66560K [0x00000000d5900000, 0x00000000de500000, 0x0000000100000000)
  eden space 66560K, 100% used [0x00000000d5900000,0x00000000d9a00000,0x00000000d9a00000)
  from space 5120K, 0% used [0x00000000d9a00000,0x00000000d9a00000,0x00000000d9f00000)
  to   space 5120K, 0% used [0x00000000de000000,0x00000000de000000,0x00000000de500000)
 ParOldGen       total 63488K, used 9837K [0x0000000080a00000, 0x0000000084800000, 0x00000000d5900000)
  object space 63488K, 15% used [0x0000000080a00000,0x000000008139b510,0x0000000084800000)
 Metaspace       used 31788K, capacity 32202K, committed 32640K, reserved 1077248K
  class space    used 3984K, capacity 4113K, committed 4224K, reserved 1048576K
Event: 2.117 GC heap after
Heap after GC invocations=5 (full 1):
 PSYoungGen      total 107520K, used 5088K [0x00000000d5900000, 0x00000000de500000, 0x0000000100000000)
  eden space 102400K, 0% used [0x00000000d5900000,0x00000000d5900000,0x00000000dbd00000)
  from space 5120K, 99% used [0x00000000de000000,0x00000000de4f8020,0x00000000de500000)
  to   space 5120K, 0% used [0x00000000ddb00000,0x00000000ddb00000,0x00000000de000000)
 ParOldGen       total 63488K, used 22088K [0x0000000080a00000, 0x0000000084800000, 0x00000000d5900000)
  object space 63488K, 34% used [0x0000000080a00000,0x0000000081f920e8,0x0000000084800000)
 Metaspace       used 31788K, capacity 32202K, committed 32640K, reserved 1077248K
  class space    used 3984K, capacity 4113K, committed 4224K, reserved 1048576K
}
Event: 2.602 GC heap before
{Heap before GC invocations=6 (full 1):
 PSYoungGen      total 107520K, used 61279K [0x00000000d5900000, 0x00000000de500000, 0x0000000100000000)
  eden space 102400K, 54% used [0x00000000d5900000,0x00000000d8fdfdd0,0x00000000dbd00000)
  from space 5120K, 99% used [0x00000000de000000,0x00000000de4f8020,0x00000000de500000)
  to   space 5120K, 0% used [0x00000000ddb00000,0x00000000ddb00000,0x00000000de000000)
 ParOldGen       total 63488K, used 22088K [0x0000000080a00000, 0x0000000084800000, 0x00000000d5900000)
  object space 63488K, 34% used [0x0000000080a00000,0x0000000081f920e8,0x0000000084800000)
 Metaspace       used 34628K, capacity 35120K, committed 35416K, reserved 1081344K
  class space    used 4336K, capacity 4456K, committed 4480K, reserved 1048576K
Event: 2.619 GC heap after
Heap after GC invocations=6 (full 1):
 PSYoungGen      total 138240K, used 5088K [0x00000000d5900000, 0x00000000e1f00000, 0x0000000100000000)
  eden space 133120K, 0% used [0x00000000d5900000,0x00000000d5900000,0x00000000ddb00000)
  from space 5120K, 99% used [0x00000000ddb00000,0x00000000ddff8020,0x00000000de000000)
  to   space 22016K, 0% used [0x00000000e0980000,0x00000000e0980000,0x00000000e1f00000)
 ParOldGen       total 63488K, used 36771K [0x0000000080a00000, 0x0000000084800000, 0x00000000d5900000)
  object space 63488K, 57% used [0x0000000080a00000,0x0000000082de8e98,0x0000000084800000)
 Metaspace       used 34628K, capacity 35120K, committed 35416K, reserved 1081344K
  class space    used 4336K, capacity 4456K, committed 4480K, reserved 1048576K
}
Event: 2.619 GC heap before
{Heap before GC invocations=7 (full 2):
 PSYoungGen      total 138240K, used 5088K [0x00000000d5900000, 0x00000000e1f00000, 0x0000000100000000)
  eden space 133120K, 0% used [0x00000000d5900000,0x00000000d5900000,0x00000000ddb00000)
  from space 5120K, 99% used [0x00000000ddb00000,0x00000000ddff8020,0x00000000de000000)
  to   space 22016K, 0% used [0x00000000e0980000,0x00000000e0980000,0x00000000e1f00000)
 ParOldGen       total 63488K, used 36771K [0x0000000080a00000, 0x0000000084800000, 0x00000000d5900000)
  object space 63488K, 57% used [0x0000000080a00000,0x0000000082de8e98,0x0000000084800000)
 Metaspace       used 34628K, capacity 35120K, committed 35416K, reserved 1081344K
  class space    used 4336K, capacity 4456K, committed 4480K, reserved 1048576K
Event: 2.690 GC heap after
Heap after GC invocations=7 (full 2):
 PSYoungGen      total 138240K, used 0K [0x00000000d5900000, 0x00000000e1f00000, 0x0000000100000000)
  eden space 133120K, 0% used [0x00000000d5900000,0x00000000d5900000,0x00000000ddb00000)
  from space 5120K, 0% used [0x00000000ddb00000,0x00000000ddb00000,0x00000000de000000)
  to   space 22016K, 0% used [0x00000000e0980000,0x00000000e0980000,0x00000000e1f00000)
 ParOldGen       total 63488K, used 27261K [0x0000000080a00000, 0x0000000084800000, 0x00000000d5900000)
  object space 63488K, 42% used [0x0000000080a00000,0x000000008249f620,0x0000000084800000)
 Metaspace       used 34628K, capacity 35120K, committed 35416K, reserved 1081344K
  class space    used 4336K, capacity 4456K, committed 4480K, reserved 1048576K
}
Event: 4.030 GC heap before
{Heap before GC invocations=8 (full 2):
 PSYoungGen      total 138240K, used 97127K [0x00000000d5900000, 0x00000000e1f00000, 0x0000000100000000)
  eden space 133120K, 72% used [0x00000000d5900000,0x00000000db7d9cd8,0x00000000ddb00000)
  from space 5120K, 0% used [0x00000000ddb00000,0x00000000ddb00000,0x00000000de000000)
  to   space 22016K, 0% used [0x00000000e0980000,0x00000000e0980000,0x00000000e1f00000)
 ParOldGen       total 63488K, used 27261K [0x0000000080a00000, 0x0000000084800000, 0x00000000d5900000)
  object space 63488K, 42% used [0x0000000080a00000,0x000000008249f620,0x0000000084800000)
 Metaspace       used 42210K, capacity 42927K, committed 43096K, reserved 1091584K
  class space    used 5228K, capacity 5403K, committed 5504K, reserved 1048576K
Event: 4.046 GC heap after
Heap after GC invocations=8 (full 2):
 PSYoungGen      total 155136K, used 20544K [0x00000000d5900000, 0x00000000e1f00000, 0x0000000100000000)
  eden space 133120K, 0% used [0x00000000d5900000,0x00000000d5900000,0x00000000ddb00000)
  from space 22016K, 93% used [0x00000000e0980000,0x00000000e1d900a8,0x00000000e1f00000)
  to   space 5120K, 0% used [0x00000000ddb00000,0x00000000ddb00000,0x00000000de000000)
 ParOldGen       total 63488K, used 27269K [0x0000000080a00000, 0x0000000084800000, 0x00000000d5900000)
  object space 63488K, 42% used [0x0000000080a00000,0x00000000824a1620,0x0000000084800000)
 Metaspace       used 42210K, capacity 42927K, committed 43096K, reserved 1091584K
  class space    used 5228K, capacity 5403K, committed 5504K, reserved 1048576K
}
Event: 4.046 GC heap before
{Heap before GC invocations=9 (full 3):
 PSYoungGen      total 155136K, used 20544K [0x00000000d5900000, 0x00000000e1f00000, 0x0000000100000000)
  eden space 133120K, 0% used [0x00000000d5900000,0x00000000d5900000,0x00000000ddb00000)
  from space 22016K, 93% used [0x00000000e0980000,0x00000000e1d900a8,0x00000000e1f00000)
  to   space 5120K, 0% used [0x00000000ddb00000,0x00000000ddb00000,0x00000000de000000)
 ParOldGen       total 63488K, used 27269K [0x0000000080a00000, 0x0000000084800000, 0x00000000d5900000)
  object space 63488K, 42% used [0x0000000080a00000,0x00000000824a1620,0x0000000084800000)
 Metaspace       used 42210K, capacity 42927K, committed 43096K, reserved 1091584K
  class space    used 5228K, capacity 5403K, committed 5504K, reserved 1048576K

