# JRE version: OpenJDK Runtime Environment (8.0_152-b02) (build 1.8.0_152-release-1024-b02)
# Java VM: OpenJDK 64-Bit Server VM (25.152-b02 mixed mode windows-amd64 compressed oops)
Heap:
 PSYoungGen      total 66048K, used 46933K [0x00000000e0000000, 0x00000000e5900000, 0x0000000100000000)
  eden space 51200K, 63% used [0x00000000e0000000,0x00000000e1f90c90,0x00000000e3200000)
  from space 14848K, 98% used [0x00000000e3200000,0x00000000e4044800,0x00000000e4080000)
  to   space 5120K, 0% used [0x00000000e4080000,0x00000000e4080000,0x00000000e4580000)
 ParOldGen       total 93184K, used 16983K [0x00000000a0000000, 0x00000000a5b00000, 0x00000000e0000000)
  object space 93184K, 18% used [0x00000000a0000000,0x00000000a1095d50,0x00000000a5b00000)
 Metaspace       used 41218K, capacity 41881K, committed 42280K, reserved 1085440K
  class space    used 5214K, capacity 5410K, committed 5416K, reserved 1048576K
GC Heap History (10 events):
Event: 7.887 GC heap before
{Heap before GC invocations=6 (full 2):
 PSYoungGen      total 38400K, used 33280K [0x00000000e0000000, 0x00000000e2a80000, 0x0000000100000000)
  eden space 33280K, 100% used [0x00000000e0000000,0x00000000e2080000,0x00000000e2080000)
  from space 5120K, 0% used [0x00000000e2080000,0x00000000e2080000,0x00000000e2580000)
  to   space 5120K, 0% used [0x00000000e2580000,0x00000000e2580000,0x00000000e2a80000)
 ParOldGen       total 57856K, used 10446K [0x00000000a0000000, 0x00000000a3880000, 0x00000000e0000000)
  object space 57856K, 18% used [0x00000000a0000000,0x00000000a0a339c8,0x00000000a3880000)
 Metaspace       used 24908K, capacity 25408K, committed 25600K, reserved 1071104K
  class space    used 3167K, capacity 3314K, committed 3328K, reserved 1048576K
Event: 7.893 GC heap after
Heap after GC invocations=6 (full 2):
 PSYoungGen      total 38400K, used 5092K [0x00000000e0000000, 0x00000000e4480000, 0x0000000100000000)
  eden space 33280K, 0% used [0x00000000e0000000,0x00000000e0000000,0x00000000e2080000)
  from space 5120K, 99% used [0x00000000e2580000,0x00000000e2a791d0,0x00000000e2a80000)
  to   space 5120K, 0% used [0x00000000e2080000,0x00000000e2080000,0x00000000e2580000)
 ParOldGen       total 57856K, used 12595K [0x00000000a0000000, 0x00000000a3880000, 0x00000000e0000000)
  object space 57856K, 21% used [0x00000000a0000000,0x00000000a0c4ce98,0x00000000a3880000)
 Metaspace       used 24908K, capacity 25408K, committed 25600K, reserved 1071104K
  class space    used 3167K, capacity 3314K, committed 3328K, reserved 1048576K
}
Event: 8.319 GC heap before
{Heap before GC invocations=7 (full 2):
 PSYoungGen      total 38400K, used 38372K [0x00000000e0000000, 0x00000000e4480000, 0x0000000100000000)
  eden space 33280K, 100% used [0x00000000e0000000,0x00000000e2080000,0x00000000e2080000)
  from space 5120K, 99% used [0x00000000e2580000,0x00000000e2a791d0,0x00000000e2a80000)
  to   space 5120K, 0% used [0x00000000e2080000,0x00000000e2080000,0x00000000e2580000)
 ParOldGen       total 57856K, used 12595K [0x00000000a0000000, 0x00000000a3880000, 0x00000000e0000000)
  object space 57856K, 21% used [0x00000000a0000000,0x00000000a0c4ce98,0x00000000a3880000)
 Metaspace       used 30514K, capacity 31010K, committed 31488K, reserved 1077248K
  class space    used 3889K, capacity 4025K, committed 4096K, reserved 1048576K
Event: 8.328 GC heap after
Heap after GC invocations=7 (full 2):
 PSYoungGen      total 38400K, used 5100K [0x00000000e0000000, 0x00000000e4580000, 0x0000000100000000)
  eden space 33280K, 0% used [0x00000000e0000000,0x00000000e0000000,0x00000000e2080000)
  from space 5120K, 99% used [0x00000000e2080000,0x00000000e257b178,0x00000000e2580000)
  to   space 5120K, 0% used [0x00000000e4080000,0x00000000e4080000,0x00000000e4580000)
 ParOldGen       total 57856K, used 20365K [0x00000000a0000000, 0x00000000a3880000, 0x00000000e0000000)
  object space 57856K, 35% used [0x00000000a0000000,0x00000000a13e3420,0x00000000a3880000)
 Metaspace       used 30514K, capacity 31010K, committed 31488K, reserved 1077248K
  class space    used 3889K, capacity 4025K, committed 4096K, reserved 1048576K
}
Event: 8.759 GC heap before
{Heap before GC invocations=8 (full 2):
 PSYoungGen      total 38400K, used 28991K [0x00000000e0000000, 0x00000000e4580000, 0x0000000100000000)
  eden space 33280K, 71% used [0x00000000e0000000,0x00000000e1754b40,0x00000000e2080000)
  from space 5120K, 99% used [0x00000000e2080000,0x00000000e257b178,0x00000000e2580000)
  to   space 5120K, 0% used [0x00000000e4080000,0x00000000e4080000,0x00000000e4580000)
 ParOldGen       total 57856K, used 20365K [0x00000000a0000000, 0x00000000a3880000, 0x00000000e0000000)
  object space 57856K, 35% used [0x00000000a0000000,0x00000000a13e3420,0x00000000a3880000)
 Metaspace       used 34674K, capacity 35224K, committed 35496K, reserved 1081344K
  class space    used 4365K, capacity 4498K, committed 4520K, reserved 1048576K
Event: 8.768 GC heap after
Heap after GC invocations=8 (full 2):
 PSYoungGen      total 56320K, used 5100K [0x00000000e0000000, 0x00000000e5900000, 0x0000000100000000)
  eden space 51200K, 0% used [0x00000000e0000000,0x00000000e0000000,0x00000000e3200000)
  from space 5120K, 99% used [0x00000000e4080000,0x00000000e457b178,0x00000000e4580000)
  to   space 14848K, 0% used [0x00000000e3200000,0x00000000e3200000,0x00000000e4080000)
 ParOldGen       total 57856K, used 26041K [0x00000000a0000000, 0x00000000a3880000, 0x00000000e0000000)
  object space 57856K, 45% used [0x00000000a0000000,0x00000000a196e6b8,0x00000000a3880000)
 Metaspace       used 34674K, capacity 35224K, committed 35496K, reserved 1081344K
  class space    used 4365K, capacity 4498K, committed 4520K, reserved 1048576K
}
Event: 8.768 GC heap before
{Heap before GC invocations=9 (full 3):
 PSYoungGen      total 56320K, used 5100K [0x00000000e0000000, 0x00000000e5900000, 0x0000000100000000)
  eden space 51200K, 0% used [0x00000000e0000000,0x00000000e0000000,0x00000000e3200000)
  from space 5120K, 99% used [0x00000000e4080000,0x00000000e457b178,0x00000000e4580000)
  to   space 14848K, 0% used [0x00000000e3200000,0x00000000e3200000,0x00000000e4080000)
 ParOldGen       total 57856K, used 26041K [0x00000000a0000000, 0x00000000a3880000, 0x00000000e0000000)
  object space 57856K, 45% used [0x00000000a0000000,0x00000000a196e6b8,0x00000000a3880000)
 Metaspace       used 34674K, capacity 35224K, committed 35496K, reserved 1081344K
  class space    used 4365K, capacity 4498K, committed 4520K, reserved 1048576K
Event: 8.825 GC heap after
Heap after GC invocations=9 (full 3):
 PSYoungGen      total 56320K, used 0K [0x00000000e0000000, 0x00000000e5900000, 0x0000000100000000)
  eden space 51200K, 0% used [0x00000000e0000000,0x00000000e0000000,0x00000000e3200000)
  from space 5120K, 0% used [0x00000000e4080000,0x00000000e4080000,0x00000000e4580000)
  to   space 14848K, 0% used [0x00000000e3200000,0x00000000e3200000,0x00000000e4080000)
 ParOldGen       total 93184K, used 16975K [0x00000000a0000000, 0x00000000a5b00000, 0x00000000e0000000)
  object space 93184K, 18% used [0x00000000a0000000,0x00000000a1093d50,0x00000000a5b00000)
 Metaspace       used 34674K, capacity 35224K, committed 35496K, reserved 1081344K
  class space    used 4365K, capacity 4498K, committed 4520K, reserved 1048576K
}
Event: 9.332 GC heap before
{Heap before GC invocations=10 (full 3):
 PSYoungGen      total 56320K, used 51200K [0x00000000e0000000, 0x00000000e5900000, 0x0000000100000000)
  eden space 51200K, 100% used [0x00000000e0000000,0x00000000e3200000,0x00000000e3200000)
  from space 5120K, 0% used [0x00000000e4080000,0x00000000e4080000,0x00000000e4580000)
  to   space 14848K, 0% used [0x00000000e3200000,0x00000000e3200000,0x00000000e4080000)
 ParOldGen       total 93184K, used 16975K [0x00000000a0000000, 0x00000000a5b00000, 0x00000000e0000000)
  object space 93184K, 18% used [0x00000000a0000000,0x00000000a1093d50,0x00000000a5b00000)
 Metaspace       used 38207K, capacity 38822K, committed 39336K, reserved 1083392K
  class space    used 4786K, capacity 4963K, committed 5032K, reserved 1048576K
Event: 9.348 GC heap after
Heap after GC invocations=10 (full 3):
 PSYoungGen      total 66048K, used 14610K [0x00000000e0000000, 0x00000000e5900000, 0x0000000100000000)
  eden space 51200K, 0% used [0x00000000e0000000,0x00000000e0000000,0x00000000e3200000)
  from space 14848K, 98% used [0x00000000e3200000,0x00000000e4044800,0x00000000e4080000)
  to   space 5120K, 0% used [0x00000000e4080000,0x00000000e4080000,0x00000000e4580000)
 ParOldGen       total 93184K, used 16983K [0x00000000a0000000, 0x00000000a5b00000, 0x00000000e0000000)
  object space 93184K, 18% used [0x00000000a0000000,0x00000000a1095d50,0x00000000a5b00000)
 Metaspace       used 38207K, capacity 38822K, committed 39336K, reserved 1083392K
  class space    used 4786K, capacity 4963K, committed 5032K, reserved 1048576K
}

