# JRE version: OpenJDK Runtime Environment (8.0_152-b02) (build 1.8.0_152-release-1024-b02)
# Java VM: OpenJDK 64-Bit Server VM (25.152-b02 mixed mode windows-amd64 compressed oops)
Heap:
 PSYoungGen      total 315904K, used 148048K [0x00000000eab00000, 0x0000000100000000, 0x0000000100000000)
  eden space 282112K, 45% used [0x00000000eab00000,0x00000000f2886be0,0x00000000fbe80000)
  from space 33792K, 57% used [0x00000000fdf00000,0x00000000ff20d590,0x0000000100000000)
  to   space 33280K, 0% used [0x00000000fbe80000,0x00000000fbe80000,0x00000000fdf00000)
 ParOldGen       total 137728K, used 63233K [0x00000000c0000000, 0x00000000c8680000, 0x00000000eab00000)
  object space 137728K, 45% used [0x00000000c0000000,0x00000000c3dc0500,0x00000000c8680000)
 Metaspace       used 88610K, capacity 92075K, committed 92160K, reserved 1128448K
  class space    used 11478K, capacity 12210K, committed 12288K, reserved 1048576K
GC Heap History (10 events):
Event: 7.668 GC heap before
{Heap before GC invocations=13 (full 3):
 PSYoungGen      total 240640K, used 13419K [0x00000000eab00000, 0x00000000fb600000, 0x0000000100000000)
  eden space 219648K, 0% used [0x00000000eab00000,0x00000000eab00000,0x00000000f8180000)
  from space 20992K, 63% used [0x00000000f9600000,0x00000000fa31af30,0x00000000faa80000)
  to   space 20992K, 0% used [0x00000000f8180000,0x00000000f8180000,0x00000000f9600000)
 ParOldGen       total 94720K, used 37119K [0x00000000c0000000, 0x00000000c5c80000, 0x00000000eab00000)
  object space 94720K, 39% used [0x00000000c0000000,0x00000000c243fff8,0x00000000c5c80000)
 Metaspace       used 57167K, capacity 58872K, committed 59008K, reserved 1099776K
  class space    used 7808K, capacity 8229K, committed 8320K, reserved 1048576K
Event: 7.802 GC heap after
Heap after GC invocations=13 (full 3):
 PSYoungGen      total 240640K, used 0K [0x00000000eab00000, 0x00000000fb600000, 0x0000000100000000)
  eden space 219648K, 0% used [0x00000000eab00000,0x00000000eab00000,0x00000000f8180000)
  from space 20992K, 0% used [0x00000000f9600000,0x00000000f9600000,0x00000000faa80000)
  to   space 20992K, 0% used [0x00000000f8180000,0x00000000f8180000,0x00000000f9600000)
 ParOldGen       total 137728K, used 35480K [0x00000000c0000000, 0x00000000c8680000, 0x00000000eab00000)
  object space 137728K, 25% used [0x00000000c0000000,0x00000000c22a6028,0x00000000c8680000)
 Metaspace       used 57167K, capacity 58872K, committed 59008K, reserved 1099776K
  class space    used 7808K, capacity 8229K, committed 8320K, reserved 1048576K
}
Event: 17.042 GC heap before
{Heap before GC invocations=14 (full 3):
 PSYoungGen      total 240640K, used 216497K [0x00000000eab00000, 0x00000000fb600000, 0x0000000100000000)
  eden space 219648K, 98% used [0x00000000eab00000,0x00000000f7e6c4b8,0x00000000f8180000)
  from space 20992K, 0% used [0x00000000f9600000,0x00000000f9600000,0x00000000faa80000)
  to   space 20992K, 0% used [0x00000000f8180000,0x00000000f8180000,0x00000000f9600000)
 ParOldGen       total 137728K, used 35480K [0x00000000c0000000, 0x00000000c8680000, 0x00000000eab00000)
  object space 137728K, 25% used [0x00000000c0000000,0x00000000c22a6028,0x00000000c8680000)
 Metaspace       used 74693K, capacity 77378K, committed 77568K, reserved 1116160K
  class space    used 10103K, capacity 10708K, committed 10752K, reserved 1048576K
Event: 17.061 GC heap after
Heap after GC invocations=14 (full 3):
 PSYoungGen      total 240640K, used 20991K [0x00000000eab00000, 0x00000000fe180000, 0x0000000100000000)
  eden space 219648K, 0% used [0x00000000eab00000,0x00000000eab00000,0x00000000f8180000)
  from space 20992K, 99% used [0x00000000f8180000,0x00000000f95ffea8,0x00000000f9600000)
  to   space 24576K, 0% used [0x00000000fc980000,0x00000000fc980000,0x00000000fe180000)
 ParOldGen       total 137728K, used 37032K [0x00000000c0000000, 0x00000000c8680000, 0x00000000eab00000)
  object space 137728K, 26% used [0x00000000c0000000,0x00000000c242a248,0x00000000c8680000)
 Metaspace       used 74693K, capacity 77378K, committed 77568K, reserved 1116160K
  class space    used 10103K, capacity 10708K, committed 10752K, reserved 1048576K
}
Event: 18.737 GC heap before
{Heap before GC invocations=15 (full 3):
 PSYoungGen      total 240640K, used 240639K [0x00000000eab00000, 0x00000000fe180000, 0x0000000100000000)
  eden space 219648K, 100% used [0x00000000eab00000,0x00000000f8180000,0x00000000f8180000)
  from space 20992K, 99% used [0x00000000f8180000,0x00000000f95ffea8,0x00000000f9600000)
  to   space 24576K, 0% used [0x00000000fc980000,0x00000000fc980000,0x00000000fe180000)
 ParOldGen       total 137728K, used 37032K [0x00000000c0000000, 0x00000000c8680000, 0x00000000eab00000)
  object space 137728K, 26% used [0x00000000c0000000,0x00000000c242a248,0x00000000c8680000)
 Metaspace       used 77562K, capacity 80426K, committed 80512K, reserved 1118208K
  class space    used 10435K, capacity 11056K, committed 11136K, reserved 1048576K
Event: 18.755 GC heap after
Heap after GC invocations=15 (full 3):
 PSYoungGen      total 286208K, used 15377K [0x00000000eab00000, 0x00000000fde00000, 0x0000000100000000)
  eden space 265216K, 0% used [0x00000000eab00000,0x00000000eab00000,0x00000000fae00000)
  from space 20992K, 73% used [0x00000000fc980000,0x00000000fd8845c0,0x00000000fde00000)
  to   space 24576K, 0% used [0x00000000fae00000,0x00000000fae00000,0x00000000fc600000)
 ParOldGen       total 137728K, used 37040K [0x00000000c0000000, 0x00000000c8680000, 0x00000000eab00000)
  object space 137728K, 26% used [0x00000000c0000000,0x00000000c242c248,0x00000000c8680000)
 Metaspace       used 77562K, capacity 80426K, committed 80512K, reserved 1118208K
  class space    used 10435K, capacity 11056K, committed 11136K, reserved 1048576K
}
Event: 330.538 GC heap before
{Heap before GC invocations=16 (full 3):
 PSYoungGen      total 286208K, used 280593K [0x00000000eab00000, 0x00000000fde00000, 0x0000000100000000)
  eden space 265216K, 100% used [0x00000000eab00000,0x00000000fae00000,0x00000000fae00000)
  from space 20992K, 73% used [0x00000000fc980000,0x00000000fd8845c0,0x00000000fde00000)
  to   space 24576K, 0% used [0x00000000fae00000,0x00000000fae00000,0x00000000fc600000)
 ParOldGen       total 137728K, used 37040K [0x00000000c0000000, 0x00000000c8680000, 0x00000000eab00000)
  object space 137728K, 26% used [0x00000000c0000000,0x00000000c242c248,0x00000000c8680000)
 Metaspace       used 83983K, capacity 87272K, committed 87424K, reserved 1124352K
  class space    used 11077K, capacity 11801K, committed 11904K, reserved 1048576K
Event: 330.564 GC heap after
Heap after GC invocations=16 (full 3):
 PSYoungGen      total 289792K, used 24571K [0x00000000eab00000, 0x0000000100000000, 0x0000000100000000)
  eden space 265216K, 0% used [0x00000000eab00000,0x00000000eab00000,0x00000000fae00000)
  from space 24576K, 99% used [0x00000000fae00000,0x00000000fc5fee08,0x00000000fc600000)
  to   space 33792K, 0% used [0x00000000fdf00000,0x00000000fdf00000,0x0000000100000000)
 ParOldGen       total 137728K, used 52305K [0x00000000c0000000, 0x00000000c8680000, 0x00000000eab00000)
  object space 137728K, 37% used [0x00000000c0000000,0x00000000c33146c8,0x00000000c8680000)
 Metaspace       used 83983K, capacity 87272K, committed 87424K, reserved 1124352K
  class space    used 11077K, capacity 11801K, committed 11904K, reserved 1048576K
}
Event: 354.966 GC heap before
{Heap before GC invocations=17 (full 3):
 PSYoungGen      total 289792K, used 289632K [0x00000000eab00000, 0x0000000100000000, 0x0000000100000000)
  eden space 265216K, 99% used [0x00000000eab00000,0x00000000fadd9570,0x00000000fae00000)
  from space 24576K, 99% used [0x00000000fae00000,0x00000000fc5fee08,0x00000000fc600000)
  to   space 33792K, 0% used [0x00000000fdf00000,0x00000000fdf00000,0x0000000100000000)
 ParOldGen       total 137728K, used 52305K [0x00000000c0000000, 0x00000000c8680000, 0x00000000eab00000)
  object space 137728K, 37% used [0x00000000c0000000,0x00000000c33146c8,0x00000000c8680000)
 Metaspace       used 88532K, capacity 92011K, committed 92160K, reserved 1128448K
  class space    used 11478K, capacity 12210K, committed 12288K, reserved 1048576K
Event: 354.995 GC heap after
Heap after GC invocations=17 (full 3):
 PSYoungGen      total 315904K, used 19509K [0x00000000eab00000, 0x0000000100000000, 0x0000000100000000)
  eden space 282112K, 0% used [0x00000000eab00000,0x00000000eab00000,0x00000000fbe80000)
  from space 33792K, 57% used [0x00000000fdf00000,0x00000000ff20d590,0x0000000100000000)
  to   space 33280K, 0% used [0x00000000fbe80000,0x00000000fbe80000,0x00000000fdf00000)
 ParOldGen       total 137728K, used 63233K [0x00000000c0000000, 0x00000000c8680000, 0x00000000eab00000)
  object space 137728K, 45% used [0x00000000c0000000,0x00000000c3dc0500,0x00000000c8680000)
 Metaspace       used 88532K, capacity 92011K, committed 92160K, reserved 1128448K
  class space    used 11478K, capacity 12210K, committed 12288K, reserved 1048576K
}

