# JRE version: OpenJDK Runtime Environment (8.0_152-b02) (build 1.8.0_152-release-1024-b02)
# Java VM: OpenJDK 64-Bit Server VM (25.152-b02 mixed mode windows-amd64 compressed oops)
Heap:
 PSYoungGen      total 71680K, used 39983K [0x00000000d5900000, 0x00000000de500000, 0x0000000100000000)
  eden space 66560K, 60% used [0x00000000d5900000,0x00000000d800beb0,0x00000000d9a00000)
  from space 5120K, 0% used [0x00000000d9a00000,0x00000000d9a00000,0x00000000d9f00000)
  to   space 5120K, 0% used [0x00000000de000000,0x00000000de000000,0x00000000de500000)
 ParOldGen       total 69632K, used 9955K [0x0000000080a00000, 0x0000000084e00000, 0x00000000d5900000)
  object space 69632K, 14% used [0x0000000080a00000,0x00000000813b8ec8,0x0000000084e00000)
 Metaspace       used 27374K, capacity 27748K, committed 28032K, reserved 1073152K
  class space    used 3516K, capacity 3642K, committed 3712K, reserved 1048576K
GC Heap History (8 events):
Event: 0.517 GC heap before
{Heap before GC invocations=1 (full 0):
 PSYoungGen      total 38400K, used 33280K [0x00000000d5900000, 0x00000000d8380000, 0x0000000100000000)
  eden space 33280K, 100% used [0x00000000d5900000,0x00000000d7980000,0x00000000d7980000)
  from space 5120K, 0% used [0x00000000d7e80000,0x00000000d7e80000,0x00000000d8380000)
  to   space 5120K, 0% used [0x00000000d7980000,0x00000000d7980000,0x00000000d7e80000)
 ParOldGen       total 87552K, used 0K [0x0000000080a00000, 0x0000000085f80000, 0x00000000d5900000)
  object space 87552K, 0% used [0x0000000080a00000,0x0000000080a00000,0x0000000085f80000)
 Metaspace       used 9145K, capacity 9844K, committed 10112K, reserved 1058816K
  class space    used 1039K, capacity 1072K, committed 1152K, reserved 1048576K
Event: 0.523 GC heap after
Heap after GC invocations=1 (full 0):
 PSYoungGen      total 38400K, used 5094K [0x00000000d5900000, 0x00000000da400000, 0x0000000100000000)
  eden space 33280K, 0% used [0x00000000d5900000,0x00000000d5900000,0x00000000d7980000)
  from space 5120K, 99% used [0x00000000d7980000,0x00000000d7e79af8,0x00000000d7e80000)
  to   space 5120K, 0% used [0x00000000d9f00000,0x00000000d9f00000,0x00000000da400000)
 ParOldGen       total 87552K, used 3092K [0x0000000080a00000, 0x0000000085f80000, 0x00000000d5900000)
  object space 87552K, 3% used [0x0000000080a00000,0x0000000080d053f8,0x0000000085f80000)
 Metaspace       used 9145K, capacity 9844K, committed 10112K, reserved 1058816K
  class space    used 1039K, capacity 1072K, committed 1152K, reserved 1048576K
}
Event: 0.946 GC heap before
{Heap before GC invocations=2 (full 0):
 PSYoungGen      total 38400K, used 38374K [0x00000000d5900000, 0x00000000da400000, 0x0000000100000000)
  eden space 33280K, 100% used [0x00000000d5900000,0x00000000d7980000,0x00000000d7980000)
  from space 5120K, 99% used [0x00000000d7980000,0x00000000d7e79af8,0x00000000d7e80000)
  to   space 5120K, 0% used [0x00000000d9f00000,0x00000000d9f00000,0x00000000da400000)
 ParOldGen       total 87552K, used 3092K [0x0000000080a00000, 0x0000000085f80000, 0x00000000d5900000)
  object space 87552K, 3% used [0x0000000080a00000,0x0000000080d053f8,0x0000000085f80000)
 Metaspace       used 17861K, capacity 18184K, committed 18560K, reserved 1064960K
  class space    used 2278K, capacity 2370K, committed 2432K, reserved 1048576K
Event: 0.954 GC heap after
Heap after GC invocations=2 (full 0):
 PSYoungGen      total 71680K, used 5109K [0x00000000d5900000, 0x00000000da400000, 0x0000000100000000)
  eden space 66560K, 0% used [0x00000000d5900000,0x00000000d5900000,0x00000000d9a00000)
  from space 5120K, 99% used [0x00000000d9f00000,0x00000000da3fd600,0x00000000da400000)
  to   space 5120K, 0% used [0x00000000d9a00000,0x00000000d9a00000,0x00000000d9f00000)
 ParOldGen       total 87552K, used 8128K [0x0000000080a00000, 0x0000000085f80000, 0x00000000d5900000)
  object space 87552K, 9% used [0x0000000080a00000,0x00000000811f0168,0x0000000085f80000)
 Metaspace       used 17861K, capacity 18184K, committed 18560K, reserved 1064960K
  class space    used 2278K, capacity 2370K, committed 2432K, reserved 1048576K
}
Event: 1.223 GC heap before
{Heap before GC invocations=3 (full 0):
 PSYoungGen      total 71680K, used 31854K [0x00000000d5900000, 0x00000000da400000, 0x0000000100000000)
  eden space 66560K, 40% used [0x00000000d5900000,0x00000000d731e3b8,0x00000000d9a00000)
  from space 5120K, 99% used [0x00000000d9f00000,0x00000000da3fd600,0x00000000da400000)
  to   space 5120K, 0% used [0x00000000d9a00000,0x00000000d9a00000,0x00000000d9f00000)
 ParOldGen       total 87552K, used 8128K [0x0000000080a00000, 0x0000000085f80000, 0x00000000d5900000)
  object space 87552K, 9% used [0x0000000080a00000,0x00000000811f0168,0x0000000085f80000)
 Metaspace       used 20829K, capacity 21174K, committed 21248K, reserved 1067008K
  class space    used 2670K, capacity 2801K, committed 2816K, reserved 1048576K
Event: 1.234 GC heap after
Heap after GC invocations=3 (full 0):
 PSYoungGen      total 71680K, used 5103K [0x00000000d5900000, 0x00000000de500000, 0x0000000100000000)
  eden space 66560K, 0% used [0x00000000d5900000,0x00000000d5900000,0x00000000d9a00000)
  from space 5120K, 99% used [0x00000000d9a00000,0x00000000d9efbd88,0x00000000d9f00000)
  to   space 5120K, 0% used [0x00000000de000000,0x00000000de000000,0x00000000de500000)
 ParOldGen       total 87552K, used 13155K [0x0000000080a00000, 0x0000000085f80000, 0x00000000d5900000)
  object space 87552K, 15% used [0x0000000080a00000,0x00000000816d8c20,0x0000000085f80000)
 Metaspace       used 20829K, capacity 21174K, committed 21248K, reserved 1067008K
  class space    used 2670K, capacity 2801K, committed 2816K, reserved 1048576K
}
Event: 1.234 GC heap before
{Heap before GC invocations=4 (full 1):
 PSYoungGen      total 71680K, used 5103K [0x00000000d5900000, 0x00000000de500000, 0x0000000100000000)
  eden space 66560K, 0% used [0x00000000d5900000,0x00000000d5900000,0x00000000d9a00000)
  from space 5120K, 99% used [0x00000000d9a00000,0x00000000d9efbd88,0x00000000d9f00000)
  to   space 5120K, 0% used [0x00000000de000000,0x00000000de000000,0x00000000de500000)
 ParOldGen       total 87552K, used 13155K [0x0000000080a00000, 0x0000000085f80000, 0x00000000d5900000)
  object space 87552K, 15% used [0x0000000080a00000,0x00000000816d8c20,0x0000000085f80000)
 Metaspace       used 20829K, capacity 21174K, committed 21248K, reserved 1067008K
  class space    used 2670K, capacity 2801K, committed 2816K, reserved 1048576K
Event: 1.277 GC heap after
Heap after GC invocations=4 (full 1):
 PSYoungGen      total 71680K, used 0K [0x00000000d5900000, 0x00000000de500000, 0x0000000100000000)
  eden space 66560K, 0% used [0x00000000d5900000,0x00000000d5900000,0x00000000d9a00000)
  from space 5120K, 0% used [0x00000000d9a00000,0x00000000d9a00000,0x00000000d9f00000)
  to   space 5120K, 0% used [0x00000000de000000,0x00000000de000000,0x00000000de500000)
 ParOldGen       total 69632K, used 9955K [0x0000000080a00000, 0x0000000084e00000, 0x00000000d5900000)
  object space 69632K, 14% used [0x0000000080a00000,0x00000000813b8ec8,0x0000000084e00000)
 Metaspace       used 20829K, capacity 21174K, committed 21248K, reserved 1067008K
  class space    used 2670K, capacity 2801K, committed 2816K, reserved 1048576K
}

