# JRE version: OpenJDK Runtime Environment (8.0_152-b02) (build 1.8.0_152-release-1024-b02)
# Java VM: OpenJDK 64-Bit Server VM (25.152-b02 mixed mode windows-amd64 compressed oops)
Heap:
 PSYoungGen      total 91648K, used 2657K [0x00000000e0000000, 0x00000000e9380000, 0x0000000100000000)
  eden space 73728K, 3% used [0x00000000e0000000,0x00000000e0298568,0x00000000e4800000)
  from space 17920K, 0% used [0x00000000e4800000,0x00000000e4800000,0x00000000e5980000)
  to   space 5120K, 0% used [0x00000000e5980000,0x00000000e5980000,0x00000000e5e80000)
 ParOldGen       total 60416K, used 29976K [0x00000000a0000000, 0x00000000a3b00000, 0x00000000e0000000)
  object space 60416K, 49% used [0x00000000a0000000,0x00000000a1d46168,0x00000000a3b00000)
 Metaspace       used 42476K, capacity 43251K, committed 43776K, reserved 1097728K
  class space    used 5381K, capacity 5581K, committed 5632K, reserved 1048576K
GC Heap History (10 events):
Event: 4.936 GC heap before
{Heap before GC invocations=6 (full 2):
 PSYoungGen      total 38400K, used 33280K [0x00000000e0000000, 0x00000000e4b00000, 0x0000000100000000)
  eden space 33280K, 100% used [0x00000000e0000000,0x00000000e2080000,0x00000000e2080000)
  from space 5120K, 0% used [0x00000000e2080000,0x00000000e2080000,0x00000000e2580000)
  to   space 5120K, 0% used [0x00000000e4600000,0x00000000e4600000,0x00000000e4b00000)
 ParOldGen       total 60416K, used 10215K [0x00000000a0000000, 0x00000000a3b00000, 0x00000000e0000000)
  object space 60416K, 16% used [0x00000000a0000000,0x00000000a09f9da0,0x00000000a3b00000)
 Metaspace       used 24887K, capacity 25408K, committed 25600K, reserved 1071104K
  class space    used 3161K, capacity 3314K, committed 3328K, reserved 1048576K
Event: 4.946 GC heap after
Heap after GC invocations=6 (full 2):
 PSYoungGen      total 59392K, used 5110K [0x00000000e0000000, 0x00000000e4b00000, 0x0000000100000000)
  eden space 54272K, 0% used [0x00000000e0000000,0x00000000e0000000,0x00000000e3500000)
  from space 5120K, 99% used [0x00000000e4600000,0x00000000e4afdbc8,0x00000000e4b00000)
  to   space 5120K, 0% used [0x00000000e4100000,0x00000000e4100000,0x00000000e4600000)
 ParOldGen       total 60416K, used 12351K [0x00000000a0000000, 0x00000000a3b00000, 0x00000000e0000000)
  object space 60416K, 20% used [0x00000000a0000000,0x00000000a0c0ff70,0x00000000a3b00000)
 Metaspace       used 24887K, capacity 25408K, committed 25600K, reserved 1071104K
  class space    used 3161K, capacity 3314K, committed 3328K, reserved 1048576K
}
Event: 6.122 GC heap before
{Heap before GC invocations=7 (full 2):
 PSYoungGen      total 59392K, used 59382K [0x00000000e0000000, 0x00000000e4b00000, 0x0000000100000000)
  eden space 54272K, 100% used [0x00000000e0000000,0x00000000e3500000,0x00000000e3500000)
  from space 5120K, 99% used [0x00000000e4600000,0x00000000e4afdbc8,0x00000000e4b00000)
  to   space 5120K, 0% used [0x00000000e4100000,0x00000000e4100000,0x00000000e4600000)
 ParOldGen       total 60416K, used 12351K [0x00000000a0000000, 0x00000000a3b00000, 0x00000000e0000000)
  object space 60416K, 20% used [0x00000000a0000000,0x00000000a0c0ff70,0x00000000a3b00000)
 Metaspace       used 34442K, capacity 34990K, committed 35200K, reserved 1079296K
  class space    used 4330K, capacity 4463K, committed 4480K, reserved 1048576K
Event: 6.139 GC heap after
Heap after GC invocations=7 (full 2):
 PSYoungGen      total 71680K, used 5100K [0x00000000e0000000, 0x00000000e5e80000, 0x0000000100000000)
  eden space 66560K, 0% used [0x00000000e0000000,0x00000000e0000000,0x00000000e4100000)
  from space 5120K, 99% used [0x00000000e4100000,0x00000000e45fb178,0x00000000e4600000)
  to   space 5120K, 0% used [0x00000000e5980000,0x00000000e5980000,0x00000000e5e80000)
 ParOldGen       total 60416K, used 26054K [0x00000000a0000000, 0x00000000a3b00000, 0x00000000e0000000)
  object space 60416K, 43% used [0x00000000a0000000,0x00000000a1971918,0x00000000a3b00000)
 Metaspace       used 34442K, capacity 34990K, committed 35200K, reserved 1079296K
  class space    used 4330K, capacity 4463K, committed 4480K, reserved 1048576K
}
Event: 6.181 GC heap before
{Heap before GC invocations=8 (full 2):
 PSYoungGen      total 71680K, used 8137K [0x00000000e0000000, 0x00000000e5e80000, 0x0000000100000000)
  eden space 66560K, 4% used [0x00000000e0000000,0x00000000e02f7350,0x00000000e4100000)
  from space 5120K, 99% used [0x00000000e4100000,0x00000000e45fb178,0x00000000e4600000)
  to   space 5120K, 0% used [0x00000000e5980000,0x00000000e5980000,0x00000000e5e80000)
 ParOldGen       total 60416K, used 26054K [0x00000000a0000000, 0x00000000a3b00000, 0x00000000e0000000)
  object space 60416K, 43% used [0x00000000a0000000,0x00000000a1971918,0x00000000a3b00000)
 Metaspace       used 34696K, capacity 35192K, committed 35456K, reserved 1081344K
  class space    used 4352K, capacity 4466K, committed 4480K, reserved 1048576K
Event: 6.186 GC heap after
Heap after GC invocations=8 (full 2):
 PSYoungGen      total 78848K, used 5097K [0x00000000e0000000, 0x00000000e9380000, 0x0000000100000000)
  eden space 73728K, 0% used [0x00000000e0000000,0x00000000e0000000,0x00000000e4800000)
  from space 5120K, 99% used [0x00000000e5980000,0x00000000e5e7a490,0x00000000e5e80000)
  to   space 17920K, 0% used [0x00000000e4800000,0x00000000e4800000,0x00000000e5980000)
 ParOldGen       total 60416K, used 26636K [0x00000000a0000000, 0x00000000a3b00000, 0x00000000e0000000)
  object space 60416K, 44% used [0x00000000a0000000,0x00000000a1a03078,0x00000000a3b00000)
 Metaspace       used 34696K, capacity 35192K, committed 35456K, reserved 1081344K
  class space    used 4352K, capacity 4466K, committed 4480K, reserved 1048576K
}
Event: 6.186 GC heap before
{Heap before GC invocations=9 (full 3):
 PSYoungGen      total 78848K, used 5097K [0x00000000e0000000, 0x00000000e9380000, 0x0000000100000000)
  eden space 73728K, 0% used [0x00000000e0000000,0x00000000e0000000,0x00000000e4800000)
  from space 5120K, 99% used [0x00000000e5980000,0x00000000e5e7a490,0x00000000e5e80000)
  to   space 17920K, 0% used [0x00000000e4800000,0x00000000e4800000,0x00000000e5980000)
 ParOldGen       total 60416K, used 26636K [0x00000000a0000000, 0x00000000a3b00000, 0x00000000e0000000)
  object space 60416K, 44% used [0x00000000a0000000,0x00000000a1a03078,0x00000000a3b00000)
 Metaspace       used 34696K, capacity 35192K, committed 35456K, reserved 1081344K
  class space    used 4352K, capacity 4466K, committed 4480K, reserved 1048576K
Event: 6.236 GC heap after
Heap after GC invocations=9 (full 3):
 PSYoungGen      total 78848K, used 0K [0x00000000e0000000, 0x00000000e9380000, 0x0000000100000000)
  eden space 73728K, 0% used [0x00000000e0000000,0x00000000e0000000,0x00000000e4800000)
  from space 5120K, 0% used [0x00000000e5980000,0x00000000e5980000,0x00000000e5e80000)
  to   space 17920K, 0% used [0x00000000e4800000,0x00000000e4800000,0x00000000e5980000)
 ParOldGen       total 60416K, used 13291K [0x00000000a0000000, 0x00000000a3b00000, 0x00000000e0000000)
  object space 60416K, 22% used [0x00000000a0000000,0x00000000a0cfaf08,0x00000000a3b00000)
 Metaspace       used 34696K, capacity 35192K, committed 35456K, reserved 1081344K
  class space    used 4352K, capacity 4466K, committed 4480K, reserved 1048576K
}
Event: 7.054 GC heap before
{Heap before GC invocations=10 (full 3):
 PSYoungGen      total 78848K, used 73250K [0x00000000e0000000, 0x00000000e9380000, 0x0000000100000000)
  eden space 73728K, 99% used [0x00000000e0000000,0x00000000e4788b58,0x00000000e4800000)
  from space 5120K, 0% used [0x00000000e5980000,0x00000000e5980000,0x00000000e5e80000)
  to   space 17920K, 0% used [0x00000000e4800000,0x00000000e4800000,0x00000000e5980000)
 ParOldGen       total 60416K, used 13291K [0x00000000a0000000, 0x00000000a3b00000, 0x00000000e0000000)
  object space 60416K, 22% used [0x00000000a0000000,0x00000000a0cfaf08,0x00000000a3b00000)
 Metaspace       used 40146K, capacity 40826K, committed 41216K, reserved 1085440K
  class space    used 5099K, capacity 5261K, committed 5376K, reserved 1048576K
Event: 7.069 GC heap after
Heap after GC invocations=10 (full 3):
 PSYoungGen      total 91648K, used 17889K [0x00000000e0000000, 0x00000000e9380000, 0x0000000100000000)
  eden space 73728K, 0% used [0x00000000e0000000,0x00000000e0000000,0x00000000e4800000)
  from space 17920K, 99% used [0x00000000e4800000,0x00000000e5978740,0x00000000e5980000)
  to   space 5120K, 0% used [0x00000000e5980000,0x00000000e5980000,0x00000000e5e80000)
 ParOldGen       total 60416K, used 15253K [0x00000000a0000000, 0x00000000a3b00000, 0x00000000e0000000)
  object space 60416K, 25% used [0x00000000a0000000,0x00000000a0ee5778,0x00000000a3b00000)
 Metaspace       used 40146K, capacity 40826K, committed 41216K, reserved 1085440K
  class space    used 5099K, capacity 5261K, committed 5376K, reserved 1048576K
}

