# JRE version: OpenJDK Runtime Environment (8.0_152-b02) (build 1.8.0_152-release-1024-b02)
# Java VM: OpenJDK 64-Bit Server VM (25.152-b02 mixed mode windows-amd64 compressed oops)
Heap:
 PSYoungGen      total 110592K, used 92920K [0x00000000e0000000, 0x00000000eb580000, 0x0000000100000000)
  eden space 84480K, 79% used [0x00000000e0000000,0x00000000e4140220,0x00000000e5280000)
  from space 26112K, 99% used [0x00000000e5280000,0x00000000e6bfdf80,0x00000000e6c00000)
  to   space 33792K, 0% used [0x00000000e9480000,0x00000000e9480000,0x00000000eb580000)
 ParOldGen       total 106496K, used 30391K [0x00000000a0000000, 0x00000000a6800000, 0x00000000e0000000)
  object space 106496K, 28% used [0x00000000a0000000,0x00000000a1dadea8,0x00000000a6800000)
 Metaspace       used 54433K, capacity 55495K, committed 55592K, reserved 1097728K
  class space    used 6649K, capacity 6891K, committed 6952K, reserved 1048576K
GC Heap History (10 events):
Event: 3.292 GC heap before
{Heap before GC invocations=8 (full 2):
 PSYoungGen      total 71680K, used 15790K [0x00000000e0000000, 0x00000000e5380000, 0x0000000100000000)
  eden space 66560K, 16% used [0x00000000e0000000,0x00000000e0a70858,0x00000000e4100000)
  from space 5120K, 99% used [0x00000000e4100000,0x00000000e45fb178,0x00000000e4600000)
  to   space 5120K, 0% used [0x00000000e4e80000,0x00000000e4e80000,0x00000000e5380000)
 ParOldGen       total 67072K, used 24813K [0x00000000a0000000, 0x00000000a4180000, 0x00000000e0000000)
  object space 67072K, 36% used [0x00000000a0000000,0x00000000a183b6b0,0x00000000a4180000)
 Metaspace       used 34732K, capacity 35272K, committed 35496K, reserved 1081344K
  class space    used 4380K, capacity 4498K, committed 4520K, reserved 1048576K
Event: 3.298 GC heap after
Heap after GC invocations=8 (full 2):
 PSYoungGen      total 69120K, used 5112K [0x00000000e0000000, 0x00000000e8900000, 0x0000000100000000)
  eden space 64000K, 0% used [0x00000000e0000000,0x00000000e0000000,0x00000000e3e80000)
  from space 5120K, 99% used [0x00000000e4e80000,0x00000000e537e168,0x00000000e5380000)
  to   space 16384K, 0% used [0x00000000e3e80000,0x00000000e3e80000,0x00000000e4e80000)
 ParOldGen       total 67072K, used 26400K [0x00000000a0000000, 0x00000000a4180000, 0x00000000e0000000)
  object space 67072K, 39% used [0x00000000a0000000,0x00000000a19c8028,0x00000000a4180000)
 Metaspace       used 34732K, capacity 35272K, committed 35496K, reserved 1081344K
  class space    used 4380K, capacity 4498K, committed 4520K, reserved 1048576K
}
Event: 3.298 GC heap before
{Heap before GC invocations=9 (full 3):
 PSYoungGen      total 69120K, used 5112K [0x00000000e0000000, 0x00000000e8900000, 0x0000000100000000)
  eden space 64000K, 0% used [0x00000000e0000000,0x00000000e0000000,0x00000000e3e80000)
  from space 5120K, 99% used [0x00000000e4e80000,0x00000000e537e168,0x00000000e5380000)
  to   space 16384K, 0% used [0x00000000e3e80000,0x00000000e3e80000,0x00000000e4e80000)
 ParOldGen       total 67072K, used 26400K [0x00000000a0000000, 0x00000000a4180000, 0x00000000e0000000)
  object space 67072K, 39% used [0x00000000a0000000,0x00000000a19c8028,0x00000000a4180000)
 Metaspace       used 34732K, capacity 35272K, committed 35496K, reserved 1081344K
  class space    used 4380K, capacity 4498K, committed 4520K, reserved 1048576K
Event: 3.358 GC heap after
Heap after GC invocations=9 (full 3):
 PSYoungGen      total 69120K, used 0K [0x00000000e0000000, 0x00000000e8900000, 0x0000000100000000)
  eden space 64000K, 0% used [0x00000000e0000000,0x00000000e0000000,0x00000000e3e80000)
  from space 5120K, 0% used [0x00000000e4e80000,0x00000000e4e80000,0x00000000e5380000)
  to   space 16384K, 0% used [0x00000000e3e80000,0x00000000e3e80000,0x00000000e4e80000)
 ParOldGen       total 106496K, used 14503K [0x00000000a0000000, 0x00000000a6800000, 0x00000000e0000000)
  object space 106496K, 13% used [0x00000000a0000000,0x00000000a0e29e68,0x00000000a6800000)
 Metaspace       used 34732K, capacity 35272K, committed 35496K, reserved 1081344K
  class space    used 4380K, capacity 4498K, committed 4520K, reserved 1048576K
}
Event: 4.025 GC heap before
{Heap before GC invocations=10 (full 3):
 PSYoungGen      total 69120K, used 63746K [0x00000000e0000000, 0x00000000e8900000, 0x0000000100000000)
  eden space 64000K, 99% used [0x00000000e0000000,0x00000000e3e40a58,0x00000000e3e80000)
  from space 5120K, 0% used [0x00000000e4e80000,0x00000000e4e80000,0x00000000e5380000)
  to   space 16384K, 0% used [0x00000000e3e80000,0x00000000e3e80000,0x00000000e4e80000)
 ParOldGen       total 106496K, used 14503K [0x00000000a0000000, 0x00000000a6800000, 0x00000000e0000000)
  object space 106496K, 13% used [0x00000000a0000000,0x00000000a0e29e68,0x00000000a6800000)
 Metaspace       used 38946K, capacity 39580K, committed 39976K, reserved 1083392K
  class space    used 4890K, capacity 5068K, committed 5160K, reserved 1048576K
Event: 4.038 GC heap after
Heap after GC invocations=10 (full 3):
 PSYoungGen      total 80384K, used 16365K [0x00000000e0000000, 0x00000000e8000000, 0x0000000100000000)
  eden space 64000K, 0% used [0x00000000e0000000,0x00000000e0000000,0x00000000e3e80000)
  from space 16384K, 99% used [0x00000000e3e80000,0x00000000e4e7b790,0x00000000e4e80000)
  to   space 20480K, 0% used [0x00000000e6c00000,0x00000000e6c00000,0x00000000e8000000)
 ParOldGen       total 106496K, used 16184K [0x00000000a0000000, 0x00000000a6800000, 0x00000000e0000000)
  object space 106496K, 15% used [0x00000000a0000000,0x00000000a0fce1d8,0x00000000a6800000)
 Metaspace       used 38946K, capacity 39580K, committed 39976K, reserved 1083392K
  class space    used 4890K, capacity 5068K, committed 5160K, reserved 1048576K
}
Event: 4.793 GC heap before
{Heap before GC invocations=11 (full 3):
 PSYoungGen      total 80384K, used 80365K [0x00000000e0000000, 0x00000000e8000000, 0x0000000100000000)
  eden space 64000K, 100% used [0x00000000e0000000,0x00000000e3e80000,0x00000000e3e80000)
  from space 16384K, 99% used [0x00000000e3e80000,0x00000000e4e7b790,0x00000000e4e80000)
  to   space 20480K, 0% used [0x00000000e6c00000,0x00000000e6c00000,0x00000000e8000000)
 ParOldGen       total 106496K, used 16184K [0x00000000a0000000, 0x00000000a6800000, 0x00000000e0000000)
  object space 106496K, 15% used [0x00000000a0000000,0x00000000a0fce1d8,0x00000000a6800000)
 Metaspace       used 43759K, capacity 44493K, committed 44968K, reserved 1089536K
  class space    used 5475K, capacity 5694K, committed 5800K, reserved 1048576K
Event: 4.811 GC heap after
Heap after GC invocations=11 (full 3):
 PSYoungGen      total 104960K, used 20455K [0x00000000e0000000, 0x00000000e8b80000, 0x0000000100000000)
  eden space 84480K, 0% used [0x00000000e0000000,0x00000000e0000000,0x00000000e5280000)
  from space 20480K, 99% used [0x00000000e6c00000,0x00000000e7ff9f80,0x00000000e8000000)
  to   space 26112K, 0% used [0x00000000e5280000,0x00000000e5280000,0x00000000e6c00000)
 ParOldGen       total 106496K, used 21351K [0x00000000a0000000, 0x00000000a6800000, 0x00000000e0000000)
  object space 106496K, 20% used [0x00000000a0000000,0x00000000a14d9c60,0x00000000a6800000)
 Metaspace       used 43759K, capacity 44493K, committed 44968K, reserved 1089536K
  class space    used 5475K, capacity 5694K, committed 5800K, reserved 1048576K
}
Event: 6.245 GC heap before
{Heap before GC invocations=12 (full 3):
 PSYoungGen      total 104960K, used 104935K [0x00000000e0000000, 0x00000000e8b80000, 0x0000000100000000)
  eden space 84480K, 100% used [0x00000000e0000000,0x00000000e5280000,0x00000000e5280000)
  from space 20480K, 99% used [0x00000000e6c00000,0x00000000e7ff9f80,0x00000000e8000000)
  to   space 26112K, 0% used [0x00000000e5280000,0x00000000e5280000,0x00000000e6c00000)
 ParOldGen       total 106496K, used 21351K [0x00000000a0000000, 0x00000000a6800000, 0x00000000e0000000)
  object space 106496K, 20% used [0x00000000a0000000,0x00000000a14d9c60,0x00000000a6800000)
 Metaspace       used 51536K, capacity 52573K, committed 52776K, reserved 1095680K
  class space    used 6360K, capacity 6594K, committed 6696K, reserved 1048576K
Event: 6.269 GC heap after
Heap after GC invocations=12 (full 3):
 PSYoungGen      total 110592K, used 26103K [0x00000000e0000000, 0x00000000eb580000, 0x0000000100000000)
  eden space 84480K, 0% used [0x00000000e0000000,0x00000000e0000000,0x00000000e5280000)
  from space 26112K, 99% used [0x00000000e5280000,0x00000000e6bfdf80,0x00000000e6c00000)
  to   space 33792K, 0% used [0x00000000e9480000,0x00000000e9480000,0x00000000eb580000)
 ParOldGen       total 106496K, used 30391K [0x00000000a0000000, 0x00000000a6800000, 0x00000000e0000000)
  object space 106496K, 28% used [0x00000000a0000000,0x00000000a1dadea8,0x00000000a6800000)
 Metaspace       used 51536K, capacity 52573K, committed 52776K, reserved 1095680K
  class space    used 6360K, capacity 6594K, committed 6696K, reserved 1048576K
}

